\BOOKMARK [0][-]{Doc-Start}{\376\377\000H\000A\000L\000A\000M\000A\000N\000\040\000P\000E\000N\000G\000E\000S\000A\000H\000A\000N}{}% 1
\BOOKMARK [0][-]{Doc-Start}{\376\377\000R\000I\000N\000G\000K\000A\000S\000A\000N}{}% 2
\BOOKMARK [0][-]{chapter.1}{\376\377\000P\000E\000N\000D\000A\000H\000U\000L\000U\000A\000N}{}% 3
\BOOKMARK [1][-]{section.1.1}{\376\377\000L\000a\000t\000a\000r\000\040\000B\000e\000l\000a\000k\000a\000n\000g}{chapter.1}% 4
\BOOKMARK [1][-]{section.1.2}{\376\377\000R\000u\000m\000u\000s\000a\000n\000\040\000M\000a\000s\000a\000l\000a\000h}{chapter.1}% 5
\BOOKMARK [1][-]{section.1.3}{\376\377\000T\000u\000j\000u\000a\000n\000\040\000P\000e\000n\000e\000l\000i\000t\000i\000a\000n}{chapter.1}% 6
\BOOKMARK [1][-]{section.1.4}{\376\377\000M\000a\000n\000f\000a\000a\000t\000\040\000P\000e\000n\000e\000l\000i\000t\000i\000a\000n}{chapter.1}% 7
\BOOKMARK [1][-]{section.1.5}{\376\377\000P\000e\000r\000t\000a\000n\000y\000a\000a\000n\000\040\000P\000e\000n\000e\000l\000i\000t\000i\000a\000n}{chapter.1}% 8
\BOOKMARK [0][-]{chapter.2}{\376\377\000L\000A\000N\000D\000A\000S\000A\000N\000\040\000T\000E\000O\000R\000I\000\040\000d\000a\000n\000\040\000T\000I\000N\000J\000A\000U\000A\000N\000\040\000P\000U\000S\000T\000A\000K\000A}{}% 9
\BOOKMARK [1][-]{section.2.1}{\376\377\000L\000a\000n\000d\000a\000s\000a\000n\000\040\000T\000e\000o\000r\000i}{chapter.2}% 10
\BOOKMARK [1][-]{section.2.2}{\376\377\000T\000i\000n\000j\000a\000u\000a\000n\000\040\000P\000u\000s\000t\000a\000k\000a}{chapter.2}% 11
\BOOKMARK [0][-]{chapter.3}{\376\377\000M\000E\000T\000O\000D\000O\000L\000O\000G\000I\000\040\000P\000E\000N\000E\000L\000I\000T\000I\000A\000N}{}% 12
\BOOKMARK [1][-]{section.3.1}{\376\377\000R\000o\000a\000d\000m\000a\000p\000\040\000P\000e\000n\000e\000l\000i\000t\000i\000a\000n}{chapter.3}% 13
\BOOKMARK [1][-]{section.3.2}{\376\377\000T\000a\000h\000a\000p\000a\000n\000\040\000P\000e\000n\000e\000l\000i\000t\000i\000a\000n}{chapter.3}% 14
\BOOKMARK [0][-]{chapter.4}{\376\377\000B\000I\000A\000Y\000A\000\040\000d\000a\000n\000\040\000J\000A\000D\000W\000A\000L\000\040\000P\000E\000N\000E\000L\000I\000T\000I\000A\000N}{}% 15
\BOOKMARK [1][-]{section.4.1}{\376\377\000A\000n\000g\000g\000a\000r\000a\000n\000\040\000B\000i\000a\000y\000a}{chapter.4}% 16
\BOOKMARK [1][-]{section.4.2}{\376\377\000J\000a\000d\000w\000a\000l\000\040\000P\000e\000n\000e\000l\000i\000t\000i\000a\000n}{chapter.4}% 17
\BOOKMARK [0][-]{section*.4}{\376\377\000D\000A\000F\000T\000A\000R\000\040\000P\000U\000S\000T\000A\000K\000A}{}% 18
\BOOKMARK [0][-]{chapter*.5}{\376\377\000L\000A\000M\000P\000I\000R\000A\000N}{}% 19
\BOOKMARK [1][-]{table.caption.6}{\376\377\000L\000A\000M\000P\000I\000R\000A\000N\000\040\0001\000.\000\040\000J\000u\000s\000t\000i\000f\000i\000k\000a\000s\000i\000\040\000A\000n\000g\000g\000a\000r\000a\000n}{chapter*.5}% 20
\BOOKMARK [1][-]{table.Alph0.3}{\376\377\000L\000A\000M\000P\000I\000R\000A\000N\000\040\0002\000.\000\040\000B\000i\000o\000d\000a\000t\000a\000\040\000K\000e\000t\000u\000a\000\040\000d\000a\000n\000\040\000A\000n\000g\000g\000o\000t\000a}{chapter*.5}% 21
\BOOKMARK [1][-]{table.Alph0.3}{\376\377\000L\000A\000M\000P\000I\000R\000A\000N\000\040\0003\000.\000\040\000S\000u\000r\000a\000t\000\040\000P\000e\000r\000n\000y\000a\000t\000a\000a\000n\000\040\000K\000e\000t\000u\000a\000\040\000P\000e\000n\000e\000l\000i\000t\000i}{chapter*.5}% 22
